\BOOKMARK [0][-]{chapter*.7}{\376\377\000I\000n\000t\000r\000o\000d\000u\000c\000c\000i\000\363\000n}{}% 1
\BOOKMARK [0][-]{chapter.1}{\376\377\000P\000r\000e\000l\000i\000m\000i\000n\000a\000r\000e\000s}{}% 2
\BOOKMARK [1][-]{section.1.1}{\376\377\000P\000r\000o\000b\000l\000e\000m\000a\000\040\000d\000e\000\040\000E\000n\000r\000u\000t\000a\000m\000i\000e\000n\000t\000o\000\040\000d\000e\000\040\000V\000e\000h\000\355\000c\000u\000l\000o\000s}{chapter.1}% 3
\BOOKMARK [1][-]{section.1.2}{\376\377\000A\000l\000g\000o\000r\000i\000t\000m\000o\000s\000\040\000d\000e\000\040\000B\000\372\000s\000q\000u\000e\000d\000a\000\040\000L\000o\000c\000a\000l}{chapter.1}% 4
\BOOKMARK [1][-]{section.1.3}{\376\377\000C\000r\000i\000t\000e\000r\000i\000o\000s\000\040\000d\000e\000\040\000v\000e\000c\000i\000n\000d\000a\000d}{chapter.1}% 5
\BOOKMARK [1][-]{section.1.4}{\376\377\000G\000r\000a\000f\000o\000\040\000d\000e\000\040\000E\000v\000a\000l\000u\000a\000c\000i\000\363\000n}{chapter.1}% 6
\BOOKMARK [0][-]{chapter.2}{\376\377\000D\000i\000f\000e\000r\000e\000n\000c\000i\000a\000c\000i\000\363\000n\000\040\000A\000u\000t\000o\000m\000\341\000t\000i\000c\000a}{}% 7
\BOOKMARK [1][-]{section.2.1}{\376\377\000P\000r\000o\000c\000e\000s\000o\000\040\000d\000e\000\040\000D\000i\000f\000e\000r\000e\000n\000c\000i\000a\000c\000i\000\363\000n\000\040\000A\000u\000t\000o\000m\000\341\000t\000i\000c\000a\000\040\000\050\000A\000D\000\051}{chapter.2}% 8
\BOOKMARK [1][-]{section.2.2}{\376\377\000G\000r\000a\000f\000o\000\040\000c\000o\000m\000p\000u\000t\000a\000c\000i\000o\000n\000a\000l}{chapter.2}% 9
\BOOKMARK [1][-]{section.2.3}{\376\377\000M\000o\000d\000o\000s\000\040\000d\000e\000\040\000e\000v\000a\000l\000u\000a\000c\000i\000\363\000n}{chapter.2}% 10
\BOOKMARK [1][-]{section.2.4}{\376\377\000C\000i\000n\000t\000a\000\040\000a\000u\000t\000o\000m\000\341\000t\000i\000c\000a}{chapter.2}% 11
\BOOKMARK [0][-]{chapter.3}{\376\377\000D\000e\000s\000a\000r\000r\000o\000l\000l\000o\000\040\000d\000e\000\040\000l\000a\000\040\000E\000v\000a\000l\000u\000a\000c\000i\000\363\000n\000\040\000A\000u\000t\000o\000m\000\341\000t\000i\000c\000a}{}% 12
\BOOKMARK [1][-]{section.3.1}{\376\377\000T\000i\000p\000o\000s\000\040\000d\000e\000\040\000V\000R\000P\000\040\000a\000\040\000e\000v\000a\000l\000u\000a\000r}{chapter.3}% 13
\BOOKMARK [1][-]{section.3.2}{\376\377\000E\000v\000a\000l\000u\000a\000c\000i\000\363\000n\000\040\000d\000e\000\040\000l\000a\000\040\000s\000o\000l\000u\000c\000i\000\363\000n\000\040\000i\000n\000i\000c\000i\000a\000l}{chapter.3}% 14
\BOOKMARK [1][-]{section.3.3}{\376\377\000O\000b\000t\000e\000n\000c\000i\000\363\000n\000\040\000y\000\040\000e\000v\000a\000l\000u\000a\000c\000i\000\363\000n\000\040\000d\000e\000\040\000l\000a\000s\000\040\000s\000o\000l\000u\000c\000i\000o\000n\000e\000s\000\040\000v\000e\000c\000i\000n\000a\000s}{chapter.3}% 15
\BOOKMARK [1][-]{section.3.4}{\376\377\000L\000i\000m\000i\000t\000a\000c\000i\000o\000n\000e\000s\000\040\000d\000e\000\040\000a\000l\000g\000u\000n\000o\000s\000\040\000V\000R\000P}{chapter.3}% 16
\BOOKMARK [1][-]{section.3.5}{\376\377\000C\000i\000n\000t\000a\000\040\000c\000o\000m\000p\000u\000t\000a\000c\000i\000o\000n\000a\000l}{chapter.3}% 17
\BOOKMARK [0][-]{chapter.4}{\376\377\000R\000e\000s\000u\000l\000t\000a\000d\000o\000s}{}% 18
\BOOKMARK [1][-]{section.4.1}{\376\377\000V\000R\000P\000\040\000c\000o\000n\000\040\000R\000e\000c\000o\000g\000i\000d\000a\000s\000\040\000y\000\040\000E\000n\000t\000r\000e\000g\000a\000s\000\040\000s\000i\000m\000u\000l\000t\000\341\000n\000e\000a\000s}{chapter.4}% 19
\BOOKMARK [1][-]{section.4.2}{\376\377\000V\000R\000P\000\040\000c\000o\000n\000\040\000V\000e\000n\000t\000a\000n\000a\000s\000\040\000d\000e\000\040\000T\000i\000e\000m\000p\000o}{chapter.4}% 20
\BOOKMARK [1][-]{section.4.3}{\376\377\000E\000x\000t\000e\000n\000s\000i\000b\000i\000l\000i\000d\000a\000d}{chapter.4}% 21
\BOOKMARK [0][-]{chapter*.10}{\376\377\000C\000o\000n\000c\000l\000u\000s\000i\000o\000n\000e\000s}{}% 22
\BOOKMARK [0][-]{chapter*.11}{\376\377\000R\000e\000c\000o\000m\000e\000n\000d\000a\000c\000i\000o\000n\000e\000s}{}% 23
\BOOKMARK [0][-]{chapter*.12}{\376\377\000B\000i\000b\000l\000i\000o\000g\000r\000a\000f\000\355\000a}{}% 24
